<?xml version="1.0" encoding="UTF-8"?>
<!-- Generated by org.testng.reporters.JUnitXMLReporter -->
<testsuite ignored="0" hostname="DESKTOP-EJBO9TN" failures="1" tests="2" name="Smoke" time="21.909" errors="0" timestamp="2022-08-27T23:23:22 IST">
  <testcase classname="com.smoke.tests.FilesTest" name="verifyTextEditor" time="10.265">
    <failure type="java.lang.AssertionError" message="null">
      <![CDATA[java.lang.AssertionError: null
at com.smoke.tests.FilesTest.verifyTextEditor(FilesTest.java:36)
at java.base/java.util.concurrent.ThreadPoolExecutor.runWorker(ThreadPoolExecutor.java:1130)
at java.base/java.util.concurrent.ThreadPoolExecutor$Worker.run(ThreadPoolExecutor.java:630)
at java.base/java.lang.Thread.run(Thread.java:832)
... Removed 14 stack frames]]>
    </failure>
  </testcase> <!-- verifyTextEditor -->
  <testcase classname="com.smoke.tests.WelcomeTest" name="welcomeTest" time="7.375"/>
</testsuite> <!-- Smoke -->
