<?xml version="1.0" encoding="UTF-8"?>
<testng-results ignored="0" total="2" passed="1" failed="1" skipped="0">
  <reporter-output>
  </reporter-output>
  <suite started-at="2022-08-27T23:23:00 IST" name="Smoke Suite" finished-at="2022-08-27T23:23:22 IST" duration-ms="21909">
    <groups>
    </groups>
    <test started-at="2022-08-27T23:23:00 IST" name="Smoke" finished-at="2022-08-27T23:23:22 IST" duration-ms="21909">
      <class name="com.smoke.tests.FilesTest">
        <test-method is-config="true" signature="beforeMethod(org.testng.ITestContext)[pri:0, instance:com.smoke.tests.FilesTest@59402b8f]" started-at="2022-08-27T23:23:00 IST" name="beforeMethod" finished-at="2022-08-27T23:23:03 IST" duration-ms="2424" status="PASS">
          <params>
            <param index="0">
              <value>
                <![CDATA[org.testng.TestRunner@5e01a982]]>
              </value>
            </param>
          </params>
          <reporter-output>
          </reporter-output>
        </test-method> <!-- beforeMethod -->
        <test-method signature="verifyTextEditor(java.util.HashMap)[pri:0, instance:com.smoke.tests.FilesTest@59402b8f]" started-at="2022-08-27T23:23:03 IST" name="verifyTextEditor" description="Verify add and delete in TextEditor " data-provider="getExcelTestData" finished-at="2022-08-27T23:23:13 IST" duration-ms="10265" status="FAIL">
          <params>
            <param index="0">
              <value>
                <![CDATA[{Email=amazondemo, Name=Chandu, Password=simple@123, ConfirmPassword=simple@123}]]>
              </value>
            </param>
          </params>
          <exception class="java.lang.AssertionError">
            <message>
              <![CDATA[null]]>
            </message>
            <full-stacktrace>
              <![CDATA[java.lang.AssertionError: null
at org.testng.Assert.fail(Assert.java:99)
at org.testng.Assert.fail(Assert.java:106)
at com.smoke.tests.FilesTest.verifyTextEditor(FilesTest.java:36)
at java.base/jdk.internal.reflect.NativeMethodAccessorImpl.invoke0(Native Method)
at java.base/jdk.internal.reflect.NativeMethodAccessorImpl.invoke(NativeMethodAccessorImpl.java:64)
at java.base/jdk.internal.reflect.DelegatingMethodAccessorImpl.invoke(DelegatingMethodAccessorImpl.java:43)
at java.base/java.lang.reflect.Method.invoke(Method.java:564)
at org.testng.internal.MethodInvocationHelper.invokeMethod(MethodInvocationHelper.java:133)
at org.testng.internal.TestInvoker.invokeMethod(TestInvoker.java:598)
at org.testng.internal.TestInvoker.invokeTestMethod(TestInvoker.java:173)
at org.testng.internal.MethodRunner.runInSequence(MethodRunner.java:46)
at org.testng.internal.TestInvoker$MethodInvocationAgent.invoke(TestInvoker.java:824)
at org.testng.internal.TestInvoker.invokeTestMethods(TestInvoker.java:146)
at org.testng.internal.TestMethodWorker.invokeTestMethods(TestMethodWorker.java:146)
at org.testng.internal.TestMethodWorker.run(TestMethodWorker.java:128)
at java.base/java.util.concurrent.ThreadPoolExecutor.runWorker(ThreadPoolExecutor.java:1130)
at java.base/java.util.concurrent.ThreadPoolExecutor$Worker.run(ThreadPoolExecutor.java:630)
at java.base/java.lang.Thread.run(Thread.java:832)
]]>
            </full-stacktrace>
          </exception> <!-- java.lang.AssertionError -->
          <reporter-output>
          </reporter-output>
        </test-method> <!-- verifyTextEditor -->
      </class> <!-- com.smoke.tests.FilesTest -->
      <class name="com.smoke.tests.WelcomeTest">
        <test-method is-config="true" signature="beforeMethod(org.testng.ITestContext)[pri:0, instance:com.smoke.tests.WelcomeTest@3ad83a66]" started-at="2022-08-27T23:23:14 IST" name="beforeMethod" finished-at="2022-08-27T23:23:14 IST" duration-ms="491" status="PASS">
          <params>
            <param index="0">
              <value>
                <![CDATA[org.testng.TestRunner@5e01a982]]>
              </value>
            </param>
          </params>
          <reporter-output>
          </reporter-output>
        </test-method> <!-- beforeMethod -->
        <test-method signature="welcomeTest(java.util.HashMap)[pri:0, instance:com.smoke.tests.WelcomeTest@3ad83a66]" started-at="2022-08-27T23:23:14 IST" name="welcomeTest" description="Verify the welcome page objects" data-provider="getExcelTestData" finished-at="2022-08-27T23:23:22 IST" duration-ms="7375" status="PASS">
          <params>
            <param index="0">
              <value>
                <![CDATA[{Email=amazondemo, Name=Chandu, Password=simple@123, ConfirmPassword=simple@123}]]>
              </value>
            </param>
          </params>
          <reporter-output>
          </reporter-output>
        </test-method> <!-- welcomeTest -->
      </class> <!-- com.smoke.tests.WelcomeTest -->
    </test> <!-- Smoke -->
  </suite> <!-- Smoke Suite -->
</testng-results>
